<?xml version="1.0" encoding="UTF-8"?>
<testsuite xmlns:xsi="http://www.w3.org/2001/XMLSchema-instance" xsi:noNamespaceSchemaLocation="https://maven.apache.org/surefire/maven-surefire-plugin/xsd/surefire-test-report.xsd" name="AccountTest" time="0.12" tests="6" errors="0" skipped="0" failures="0">
  <properties>
[...]
</properties>
  <testcase name="noSpacesInTheBeginningTest" classname="AccountTest" time="0.05"/>
  <testcase name="noSpacesInTheEndTest" classname="AccountTest" time="0"/>
  <testcase name="maxLengthTest" classname="AccountTest" time="0"/>
  <testcase name="onlyOneSpaceInTheMiddleTest" classname="AccountTest" time="0"/>
  <testcase name="validNamePasses" classname="AccountTest" time="0.001"/>
  <testcase name="minLengthTest" classname="AccountTest" time="0.001"/>
</testsuite>